/Users/rob/.julia/dev/BHAtp/examples
WOB: 20, Incl: 40
Dalpha: 3.243036383810434
Errors (1): 3.4516266061116876
Errors (100): 0.04089368464335357
Errors (1000): 0.0015753058234145606
Errors (5000): 7.303202852214462e-7
Errors (7353): 9.995833679408451e-8

WOB: 20000.0, Incl: 40.0
Force on bit: 1023.42295
New dalpha: 0.5
Errors (1): 3.4298564237773084
Errors (100): 0.04031792514100944
Errors (1000): 0.001095732422832388
Errors (5000): 6.777471765463875e-7
Errors (7173): 9.994449800216278e-8

WOB: 20000.0, Incl: 40.0
Force on bit: 886.56706
New dalpha: 3.739053357513512
Errors (1): 3.396499011010415
Errors (100): 0.0410179621954
Errors (1000): 0.0008926876578423358
Errors (5000): 5.006717129809886e-7
Errors (6603): 9.992981545687791e-8

WOB: 20000.0, Incl: 40.0
Force on bit: -95.68632
New dalpha: 3.4235206218927776
Errors (1): 3.395513381742271
Errors (100): 0.040835470715926254
Errors (1000): 0.0008641264664317673
Errors (5000): 5.092116928406082e-7
Errors (6630): 9.994068175802636e-8

WOB: 20000.0, Incl: 40.0
Force on bit: 21.44442
New dalpha: 3.4812886894931356
Errors (1): 3.3953212385510736
Errors (100): 0.04086933770260416
Errors (1000): 0.0008682142608461516
Errors (5000): 5.075670167130127e-7
Errors (6625): 9.99191256926757e-8
