/Users/rob/.julia/dev/BHAtp/case
WOB: 40, Incl: 20
Dalpha: 3.2191374476851697
Errors (1): 3.4538021987406515
Errors (100): 0.04658327257705483
Errors (1000): 0.0015316307528482852
Errors (5000): 1.065177300563102e-5
Errors (10000): 3.8832055911410427e-7
Errors (12439): 9.996007020974765e-8

WOB: 40000.0, Incl: 20.0
Force on bit: 569.09741
New dalpha: 0.5
Errors (1): 3.433021624292063
Errors (100): 0.046343863845506254
Errors (1000): 0.0014341799822151391
Errors (5000): 4.995757618538536e-6
Errors (10000): 2.4363825939294966e-7
Errors (11704): 9.997253579509424e-8

WOB: 40000.0, Incl: 20.0
Force on bit: 448.22887
New dalpha: 2.354199901810678
Errors (1): 3.409564920403117
Errors (100): 0.045875257643203715
Errors (1000): 0.001767175411823918
Errors (5000): 4.642803336485205e-5
Errors (10000): 1.574535377889483e-7
Errors (10951): 9.995378085867853e-8

WOB: 40000.0, Incl: 20.0
Force on bit: -2.05542
New dalpha: 2.345736005452713
Errors (1): 3.4063152571835325
Errors (100): 0.04586656818378026
Errors (1000): 0.00176400877860752
Errors (5000): 4.6231467238326824e-5
Errors (10000): 1.5890482680380452e-7
Errors (10957): 9.999384966160033e-8
