/Users/rob/.julia/dev/BHAtp/case
WOB: 20, Incl: 30
Dalpha: 2.951462041311548
Errors (1): 3.4535978485358054
Errors (100): 0.04409302087233401
Errors (1000): 0.0010483049251615122
Errors (5000): 1.2693450285316097e-5
Errors (10000): 2.1316155952737648e-7
Errors (10966): 9.996205206369343e-8

WOB: 20000.0, Incl: 30.0
Force on bit: 844.37918
New dalpha: 0.5
Errors (1): 3.4322645103171436
Errors (100): 0.04345131166507737
Errors (1000): 0.0012925158193699221
Errors (5000): 2.1806768252993236e-5
Errors (10000): 3.378004417252891e-7
Errors (11489): 9.995959894477303e-8

WOB: 20000.0, Incl: 30.0
Force on bit: 756.02181
New dalpha: 4.77820457987828
Errors (1): 3.3929870244240488
Errors (100): 0.04350276859733284
Errors (1000): 0.0011083233621661066
Errors (5000): 6.80949804391376e-7
Errors (7094): 9.992949418224783e-8

WOB: 20000.0, Incl: 30.0
Force on bit: -521.71505
New dalpha: 3.0313631243524326
Errors (1): 3.3990775107132287
Errors (100): 0.04270122740012748
Errors (1000): 0.0010005450350567798
Errors (5000): 8.469770838891443e-7
Errors (7452): 9.992626758697534e-8

WOB: 20000.0, Incl: 30.0
Force on bit: 78.5414
New dalpha: 3.2599310531019494
Errors (1): 3.3987804137294058
Errors (100): 0.042814997868967135
Errors (1000): 0.0010081117665122522
Errors (5000): 7.755401686795393e-7
Errors (7362): 9.992221831256456e-8

WOB: 20000.0, Incl: 30.0
Force on bit: -6.26877
New dalpha: 3.243036383810434
Errors (1): 3.3987348842208616
Errors (100): 0.04280674094282935
Errors (1000): 0.0010065583975076482
Errors (5000): 7.768437246505168e-7
Errors (7365): 9.99797471184111e-8
