/Users/rob/.julia/dev/BHAtp/examples
WOB: 30, Incl: 20
Dalpha: 3.4812886894931356
Errors (1): 3.4547594709325624
Errors (100): 0.04709437349409604
Errors (1000): 0.0015650280370593827
Errors (5000): 1.658894694290131e-5
Errors (10000): 4.4466704631221126e-7
Errors (12447): 9.994680077261475e-8

WOB: 30000.0, Incl: 20.0
Force on bit: 576.56238
New dalpha: 0.5
Errors (1): 3.43435424441554
Errors (100): 0.04663281853675467
Errors (1000): 0.0014050285253874569
Errors (5000): 6.186594552569552e-6
Errors (10000): 2.2453991314121495e-7
Errors (11434): 9.999730788576536e-8

WOB: 30000.0, Incl: 20.0
Force on bit: 472.01421
New dalpha: 2.75740063168968
Errors (1): 3.4077426717707677
Errors (100): 0.04550571362859726
Errors (1000): 0.001836037705582075
Errors (5000): 1.8573403109126635e-6
Errors (9839): 9.998029109331664e-8

WOB: 30000.0, Incl: 20.0
Force on bit: -35.41469
New dalpha: 2.5998511827381243
Errors (1): 3.4049074986114203
Errors (100): 0.04548117785054069
Errors (1000): 0.0017640910957880916
Errors (5000): 1.9088214514327163e-6
Errors (9892): 9.996530079048966e-8

WOB: 30000.0, Incl: 20.0
Force on bit: 9.92212
New dalpha: 2.634331432637295
Errors (1): 3.4048196610159063
Errors (100): 0.045498494410716794
Errors (1000): 0.001779816555817265
Errors (5000): 1.8931792064482974e-6
Errors (9880): 9.997412982794796e-8
