/Users/rob/.julia/dev/BHAtp/examples
WOB: 20, Incl: 20
Dalpha: 0.0
Errors (1): 3.455743582186641
Errors (100): 0.04759948527737381
Errors (1000): 0.0016018567171003418
Errors (5000): 1.971071571092353e-5
Errors (10000): 4.2840418224348923e-7
Errors (12272): 9.997124892774992e-8

WOB: 20000.0, Incl: 20.0
Force on bit: 582.89367
New dalpha: 0.5
Errors (1): 3.435642582567104
Errors (100): 0.046924796993793115
Errors (1000): 0.001394931823610662
Errors (5000): 9.725328081111326e-6
Errors (10000): 2.452725518333655e-7
Errors (11418): 9.997108474030721e-8

WOB: 20000.0, Incl: 20.0
Force on bit: 494.99438
New dalpha: 3.3156904339045266
Errors (1): 3.4045619305186823
Errors (100): 0.045057399117845995
Errors (1000): 0.0015855738065341035
Errors (5000): 1.2851752704693027e-6
Errors (8694): 9.996600006246271e-8

WOB: 20000.0, Incl: 20.0
Force on bit: -125.22591
New dalpha: 2.74718694804793
Errors (1): 3.4041101717040925
Errors (100): 0.044822173766075876
Errors (1000): 0.0017955391413841996
Errors (5000): 1.375650045046733e-6
Errors (8965): 9.995156281992789e-8

WOB: 20000.0, Incl: 20.0
Force on bit: 55.87231
New dalpha: 2.9225812892946874
Errors (1): 3.4033152699880582
Errors (100): 0.044892902234939774
Errors (1000): 0.0018918007811597314
Errors (5000): 1.3445636410777059e-6
Errors (8874): 9.998820703335929e-8

WOB: 20000.0, Incl: 20.0
Force on bit: 7.89932
New dalpha: 2.951462041311548
Errors (1): 3.4029176254230427
Errors (100): 0.04490533587781829
Errors (1000): 0.0019076879353343715
Errors (5000): 1.3397857544254378e-6
Errors (8860): 9.996111316629069e-8
